<?xml version="1.0" encoding="UTF-8"?>
<!-- Generated by org.testng.reporters.JUnitXMLReporter -->
<testsuite ignored="0" hostname="LIN51012900" failures="0" tests="4" name="Default test" time="5.321" errors="0" timestamp="2022-02-23T11:15:22 IST">
  <testcase classname="com.cg.datadriven.DataDrivenTest_CreateUser" name="crearteNewUser" time="2.222"/>
  <testcase classname="com.cg.datadriven.DataDrivenTest_CreateUser" name="crearteNewUser" time="1.219"/>
  <testcase classname="com.cg.datadriven.DataDrivenTest_CreateUser" name="crearteNewUser" time="0.451"/>
  <testcase classname="com.cg.datadriven.DataDrivenTest_CreateUser" name="crearteNewUser" time="0.652"/>
</testsuite> <!-- Default test -->
