<?xml version="1.0" encoding="UTF-8"?>
<!-- Generated by org.testng.reporters.JUnitXMLReporter -->
<testsuite ignored="0" hostname="LIN51012900" failures="1" tests="11" name="Test" time="6.992" errors="0" timestamp="2022-02-25T01:48:13 IST">
  <testcase classname="com.cg.TC02PostReqUest" name="createUserVerification" time="3.37"/>
  <testcase classname="com.cg.TC03_BodyAuthentication" name="getBodyData" time="0.123"/>
  <testcase classname="com.cg.TC04_HeaderTest" name="getAllHeader" time="0.14"/>
  <testcase classname="com.cg.TC06_ExtractingValuesFromResponse" name="exttractValuesNodes" time="0.153"/>
  <testcase classname="com.cg.TC01GetRequest" name="VerifyStatusCode" time="0.095"/>
  <testcase classname="com.cg.TC01GetRequest" name="verifyStatusLine" time="0.095"/>
  <testcase classname="com.cg.TC05_BasicAuthentication" name="basicAuthenticationTest" time="0.065">
    <failure type="java.net.UnknownHostException" message="No such host is known (restapi.demoqa.com)">
      <![CDATA[java.net.UnknownHostException: No such host is known (restapi.demoqa.com)
at java.base/java.net.Inet6AddressImpl.lookupAllHostAddr(Native Method)
at java.base/java.net.InetAddress$PlatformNameService.lookupAllHostAddr(InetAddress.java:932)
at java.base/java.net.InetAddress.getAddressesFromNameService(InetAddress.java:1517)
at java.base/java.net.InetAddress$NameServiceAddresses.get(InetAddress.java:851)
at java.base/java.net.InetAddress.getAllByName0(InetAddress.java:1507)
at java.base/java.net.InetAddress.getAllByName(InetAddress.java:1366)
at java.base/java.net.InetAddress.getAllByName(InetAddress.java:1300)
at org.apache.http.impl.conn.SystemDefaultDnsResolver.resolve(SystemDefaultDnsResolver.java:45)
at org.apache.http.impl.conn.DefaultClientConnectionOperator.resolveHostname(DefaultClientConnectionOperator.java:263)
at org.apache.http.impl.conn.DefaultClientConnectionOperator.openConnection(DefaultClientConnectionOperator.java:162)
at org.apache.http.impl.conn.ManagedClientConnectionImpl.open(ManagedClientConnectionImpl.java:326)
at org.apache.http.impl.client.DefaultRequestDirector.tryConnect(DefaultRequestDirector.java:605)
at org.apache.http.impl.client.DefaultRequestDirector.execute(DefaultRequestDirector.java:440)
at org.apache.http.impl.client.AbstractHttpClient.doExecute(AbstractHttpClient.java:835)
at org.apache.http.impl.client.CloseableHttpClient.execute(CloseableHttpClient.java:83)
at org.apache.http.impl.client.CloseableHttpClient.execute(CloseableHttpClient.java:56)
at org.apache.http.client.HttpClient$execute$0.call(Unknown Source)
at io.restassured.internal.RequestSpecificationImpl$RestAssuredHttpBuilder.doRequest(RequestSpecificationImpl.groovy:2088)
at io.restassured.internal.http.HTTPBuilder.doRequest(HTTPBuilder.java:497)
at io.restassured.internal.http.HTTPBuilder.request(HTTPBuilder.java:454)
at io.restassured.internal.http.HTTPBuilder$request$3.call(Unknown Source)
at io.restassured.internal.RequestSpecificationImpl.sendHttpRequest(RequestSpecificationImpl.groovy:1465)
at groovy.lang.MetaMethod.doMethodInvoke(MetaMethod.java:323)
at groovy.lang.MetaClassImpl.invokeMethod(MetaClassImpl.java:1268)
at groovy.lang.MetaClassImpl.invokeMethod(MetaClassImpl.java:1035)
at groovy.lang.MetaClassImpl.invokeMethod(MetaClassImpl.java:819)
at groovy.lang.GroovyObject.invokeMethod(GroovyObject.java:39)
at org.codehaus.groovy.runtime.callsite.PogoInterceptableSite.call(PogoInterceptableSite.java:45)
at org.codehaus.groovy.runtime.callsite.PogoInterceptableSite.callCurrent(PogoInterceptableSite.java:55)
at io.restassured.internal.RequestSpecificationImpl.sendRequest(RequestSpecificationImpl.groovy:1214)
at groovy.lang.MetaMethod.doMethodInvoke(MetaMethod.java:323)
at groovy.lang.MetaClassImpl.invokeMethod(MetaClassImpl.java:1268)
at groovy.lang.MetaClassImpl.invokeMethod(MetaClassImpl.java:1035)
at groovy.lang.MetaClassImpl.invokeMethod(MetaClassImpl.java:819)
at groovy.lang.GroovyObject.invokeMethod(GroovyObject.java:39)
at org.codehaus.groovy.runtime.callsite.PogoInterceptableSite.call(PogoInterceptableSite.java:45)
at org.codehaus.groovy.runtime.callsite.AbstractCallSite.call(AbstractCallSite.java:166)
at io.restassured.internal.filter.SendRequestFilter.filter(SendRequestFilter.groovy:30)
at io.restassured.filter.Filter$filter$0.call(Unknown Source)
at org.codehaus.groovy.runtime.callsite.CallSiteArray.defaultCall(CallSiteArray.java:47)
at io.restassured.filter.Filter$filter.call(Unknown Source)
at io.restassured.internal.filter.FilterContextImpl.next(FilterContextImpl.groovy:72)
at io.restassured.filter.time.TimingFilter.filter(TimingFilter.java:56)
at io.restassured.filter.Filter$filter.call(Unknown Source)
at org.codehaus.groovy.runtime.callsite.CallSiteArray.defaultCall(CallSiteArray.java:47)
at io.restassured.filter.Filter$filter$0.call(Unknown Source)
at io.restassured.internal.filter.FilterContextImpl.next(FilterContextImpl.groovy:72)
at io.restassured.filter.FilterContext$next.call(Unknown Source)
at io.restassured.internal.RequestSpecificationImpl.applyPathParamsAndSendRequest(RequestSpecificationImpl.groovy:1686)
at groovy.lang.MetaMethod.doMethodInvoke(MetaMethod.java:323)
at groovy.lang.MetaClassImpl.invokeMethod(MetaClassImpl.java:1268)
at groovy.lang.MetaClassImpl.invokeMethod(MetaClassImpl.java:1035)
at groovy.lang.MetaClassImpl.invokeMethod(MetaClassImpl.java:819)
at groovy.lang.GroovyObject.invokeMethod(GroovyObject.java:39)
at org.codehaus.groovy.runtime.callsite.PogoInterceptableSite.call(PogoInterceptableSite.java:45)
at org.codehaus.groovy.runtime.callsite.PogoInterceptableSite.callCurrent(PogoInterceptableSite.java:55)
at org.codehaus.groovy.runtime.callsite.AbstractCallSite.callCurrent(AbstractCallSite.java:203)
at io.restassured.internal.RequestSpecificationImpl.request(RequestSpecificationImpl.groovy:300)
at io.restassured.internal.RequestSpecificationImpl.request(RequestSpecificationImpl.groovy)
at groovy.lang.MetaMethod.doMethodInvoke(MetaMethod.java:323)
at groovy.lang.MetaClassImpl.invokeMethod(MetaClassImpl.java:1268)
at groovy.lang.MetaClassImpl.invokeMethod(MetaClassImpl.java:1035)
at groovy.lang.MetaClassImpl.invokeMethod(MetaClassImpl.java:819)
at groovy.lang.GroovyObject.invokeMethod(GroovyObject.java:39)
at org.codehaus.groovy.runtime.callsite.PogoInterceptableSite.call(PogoInterceptableSite.java:45)
at org.codehaus.groovy.runtime.callsite.PogoInterceptableSite.callCurrent(PogoInterceptableSite.java:55)
at org.codehaus.groovy.runtime.callsite.AbstractCallSite.callCurrent(AbstractCallSite.java:203)
at io.restassured.internal.RequestSpecificationImpl.request(RequestSpecificationImpl.groovy:296)
at io.restassured.internal.RequestSpecificationImpl.request(RequestSpecificationImpl.groovy)
at com.cg.TC05_BasicAuthentication.basicAuthenticationTest(TC05_BasicAuthentication.java:31)
at java.base/java.util.ArrayList.forEach(ArrayList.java:1511)
... Removed 47 stack frames]]>
    </failure>
  </testcase> <!-- basicAuthenticationTest -->
  <testcase classname="com.cg.datadriven.DataDrivenTest_CreateUser" name="crearteNewUser" time="0.451"/>
  <testcase classname="com.cg.datadriven.DataDrivenTest_CreateUser" name="crearteNewUser" time="0.419"/>
  <testcase classname="com.cg.datadriven.DataDrivenTest_CreateUser" name="crearteNewUser" time="0.418"/>
  <testcase classname="com.cg.datadriven.DataDrivenTest_CreateUser" name="crearteNewUser" time="0.435"/>
</testsuite> <!-- Test -->
